<?xml version="1.0" encoding="UTF-8"?>
<!-- Generated by org.testng.reporters.JUnitReportReporter -->
<testsuite skipped="0" hostname="DESKTOP-KNHDASJ" name="com.extent.test.OrangeHRMTestEXTENT" tests="3" failures="0" timestamp="2022-01-18T18:58:34 IST" time="7.821" errors="0">
  <testcase name="logOut" time="1.316" classname="com.extent.test.OrangeHRMTestEXTENT"/>
  <system-out/>
  <testcase name="invalidLogin" time="1.769" classname="com.extent.test.OrangeHRMTestEXTENT"/>
  <system-out/>
  <testcase name="validLogin" time="4.736" classname="com.extent.test.OrangeHRMTestEXTENT"/>
  <system-out/>
</testsuite> <!-- com.extent.test.OrangeHRMTestEXTENT -->
