<?xml version="1.0" encoding="UTF-8"?>
<!-- Generated by org.testng.reporters.JUnitReportReporter -->
<testsuite hostname="DESKTOP-KNHDASJ" failures="0" tests="2" name="com.alerts.SimpleAlertToolsQA" time="10.602" errors="0" timestamp="2021-10-27T13:30:45 IST" skipped="0">
  <testcase classname="com.alerts.SimpleAlertToolsQA" name="timerAlert" time="5.483"/>
  <system-out/>
  <testcase classname="com.alerts.SimpleAlertToolsQA" name="simpleAlert" time="5.119"/>
  <system-out/>
</testsuite> <!-- com.alerts.SimpleAlertToolsQA -->
