<?xml version="1.0" encoding="UTF-8"?>
<!-- Generated by org.testng.reporters.JUnitReportReporter -->
<testsuite skipped="0" hostname="DESKTOP-KNHDASJ" name="com.pom.test.OrangeListnerTest" tests="2" failures="0" timestamp="2022-01-18T17:43:50 IST" time="9.567" errors="0">
  <testcase name="validLogin" time="7.345" classname="com.pom.test.OrangeListnerTest"/>
  <system-out/>
  <testcase name="invalidLogin" time="2.222" classname="com.pom.test.OrangeListnerTest"/>
  <system-out/>
</testsuite> <!-- com.pom.test.OrangeListnerTest -->
