<?xml version="1.0" encoding="UTF-8"?>
<!-- Generated by org.testng.reporters.JUnitReportReporter -->
<testsuite hostname="DESKTOP-KNHDASJ" failures="0" tests="1" name="com.alert.test.MouseHoverTest" time="0.554" errors="0" timestamp="2021-10-27T18:41:32 IST" skipped="0">
  <testcase classname="com.alert.test.MouseHoverTest" name="mouseHover" time="0.554"/>
  <system-out/>
</testsuite> <!-- com.alert.test.MouseHoverTest -->
