<?xml version="1.0" encoding="UTF-8"?>
<!-- Generated by org.testng.reporters.JUnitReportReporter -->
<testsuite hostname="DESKTOP-KNHDASJ" failures="0" tests="2" name="com.restassured.apis.Test01_Get" time="5.133" errors="0" timestamp="2022-01-03T15:40:52 IST" skipped="0">
  <testcase classname="com.restassured.apis.Test01_Get" name="test_02" time="1.651"/>
  <system-out/>
  <testcase classname="com.restassured.apis.Test01_Get" name="test_01" time="3.482"/>
  <system-out/>
</testsuite> <!-- com.restassured.apis.Test01_Get -->
