<?xml version="1.0" encoding="UTF-8"?>
<!-- Generated by org.testng.reporters.JUnitReportReporter -->
<testsuite hostname="DESKTOP-KNHDASJ" failures="0" tests="6" name="excelData.writeExcelTest" time="0.615" errors="0" timestamp="2021-10-25T13:05:39 IST" skipped="5">
  <testcase classname="excelData.writeExcelTest" name="test4" time="0.615"/>
  <system-out/>
  <testcase classname="excelData.writeExcelTest" name="test5">
    <skipped/>
  </testcase> <!-- test5 -->
  <system-out/>
  <testcase classname="excelData.writeExcelTest" name="test6">
    <skipped/>
  </testcase> <!-- test6 -->
  <system-out/>
  <testcase classname="excelData.writeExcelTest" name="test3">
    <skipped/>
  </testcase> <!-- test3 -->
  <system-out/>
  <testcase classname="excelData.writeExcelTest" name="test1">
    <skipped/>
  </testcase> <!-- test1 -->
  <system-out/>
  <testcase classname="excelData.writeExcelTest" name="test2">
    <skipped/>
  </testcase> <!-- test2 -->
  <system-out/>
</testsuite> <!-- excelData.writeExcelTest -->
