<?xml version="1.0" encoding="UTF-8"?>
<!-- Generated by org.testng.reporters.JUnitReportReporter -->
<testsuite hostname="DESKTOP-KNHDASJ" failures="0" tests="1" name="com.restassured.apis.Local_Test_API_Example" time="2.945" errors="0" timestamp="2022-01-04T16:58:13 IST" skipped="0">
  <testcase classname="com.restassured.apis.Local_Test_API_Example" name="test_post_01" time="2.945"/>
  <system-out/>
</testsuite> <!-- com.restassured.apis.Local_Test_API_Example -->
