<?xml version="1.0" encoding="UTF-8"?>
<!-- Generated by org.testng.reporters.JUnitReportReporter -->
<testsuite hostname="DESKTOP-KNHDASJ" failures="0" tests="6" name="com.crossbrowser.test.CrossBrowserOrangehrmTest" time="20.634" errors="0" timestamp="2021-11-02T13:41:25 IST" skipped="0">
  <testcase classname="com.crossbrowser.test.CrossBrowserOrangehrmTest" name="invalidLogin" time="2.006"/>
  <system-out/>
  <testcase classname="com.crossbrowser.test.CrossBrowserOrangehrmTest" name="logOut" time="1.807"/>
  <system-out/>
  <testcase classname="com.crossbrowser.test.CrossBrowserOrangehrmTest" name="logOut" time="2.165"/>
  <system-out/>
  <testcase classname="com.crossbrowser.test.CrossBrowserOrangehrmTest" name="invalidLogin" time="1.539"/>
  <system-out/>
  <testcase classname="com.crossbrowser.test.CrossBrowserOrangehrmTest" name="logIn" time="5.148"/>
  <system-out/>
  <testcase classname="com.crossbrowser.test.CrossBrowserOrangehrmTest" name="logIn" time="7.969"/>
  <system-out/>
</testsuite> <!-- com.crossbrowser.test.CrossBrowserOrangehrmTest -->
