<?xml version="1.0" encoding="UTF-8"?>
<!-- Generated by org.testng.reporters.JUnitReportReporter -->
<testsuite hostname="DESKTOP-KNHDASJ" failures="0" tests="2" name="com.alert.test.DragnDropTest" time="0.726" errors="0" timestamp="2021-10-27T18:11:10 IST" skipped="1">
  <testcase classname="com.alert.test.DragnDropTest" name="dragDropOffset" time="0.726"/>
  <system-out/>
  <testcase classname="com.alert.test.DragnDropTest" name="dragDrop">
    <skipped/>
  </testcase> <!-- dragDrop -->
  <system-out/>
</testsuite> <!-- com.alert.test.DragnDropTest -->
