<?xml version="1.0" encoding="UTF-8"?>
<!-- Generated by org.testng.reporters.JUnitReportReporter -->
<testsuite hostname="DESKTOP-KNHDASJ" failures="0" tests="1" name="com.restassured.apis.dummyApi" time="2.105" errors="0" timestamp="2022-01-11T19:06:21 IST" skipped="0">
  <testcase classname="com.restassured.apis.dummyApi" name="createJsonfromPojo" time="2.105"/>
  <system-out/>
</testsuite> <!-- com.restassured.apis.dummyApi -->
