<?xml version="1.0" encoding="UTF-8"?>
<!-- Generated by org.testng.reporters.JUnitReportReporter -->
<testsuite hostname="DESKTOP-KNHDASJ" failures="0" tests="1" name="com.restassured.apiassnmnt.StackExchangeApiTest" time="104.322" errors="0" timestamp="2022-01-06T16:48:48 IST" skipped="0">
  <testcase classname="com.restassured.apiassnmnt.StackExchangeApiTest" name="getBadgesId" time="104.322"/>
  <system-out/>
</testsuite> <!-- com.restassured.apiassnmnt.StackExchangeApiTest -->
