<?xml version="1.0" encoding="UTF-8"?>
<!-- Generated by org.testng.reporters.JUnitReportReporter -->
<testsuite hostname="DESKTOP-KNHDASJ" failures="0" tests="3" name="com.crossbrowser.classlevel.ClassLevelParallel2" time="42.215" errors="0" timestamp="2021-11-01T13:31:38 IST" skipped="0">
  <testcase classname="com.crossbrowser.classlevel.ClassLevelParallel2" name="invalidLogin" time="1.939"/>
  <system-out/>
  <testcase classname="com.crossbrowser.classlevel.ClassLevelParallel2" name="logOut" time="2.229"/>
  <system-out/>
  <testcase classname="com.crossbrowser.classlevel.ClassLevelParallel2" name="logIn" time="38.047"/>
  <system-out/>
</testsuite> <!-- com.crossbrowser.classlevel.ClassLevelParallel2 -->
