<?xml version="1.0" encoding="UTF-8"?>
<!-- Generated by org.testng.reporters.JUnitReportReporter -->
<testsuite hostname="DESKTOP-KNHDASJ" failures="0" tests="1" name="com.restassured.apis.JsonSchemaValidator" time="4.229" errors="0" timestamp="2022-01-06T15:54:58 IST" skipped="0">
  <testcase classname="com.restassured.apis.JsonSchemaValidator" name="test_2" time="4.229"/>
  <system-out/>
</testsuite> <!-- com.restassured.apis.JsonSchemaValidator -->
