<?xml version="1.0" encoding="UTF-8"?>
<!-- Generated by org.testng.reporters.JUnitReportReporter -->
<testsuite hostname="DESKTOP-KNHDASJ" failures="0" tests="3" name="com.restassured.apis.GetWeatherDetails" time="7.038" errors="0" timestamp="2022-01-03T15:52:27 IST" skipped="0">
  <testcase classname="com.restassured.apis.GetWeatherDetails" name="queryParameter" time="4.193"/>
  <system-out/>
  <testcase classname="com.restassured.apis.GetWeatherDetails" name="weatherDetails" time="0.847"/>
  <system-out/>
  <testcase classname="com.restassured.apis.GetWeatherDetails" name="registrationPost" time="1.998"/>
  <system-out/>
</testsuite> <!-- com.restassured.apis.GetWeatherDetails -->
