<?xml version="1.0" encoding="UTF-8"?>
<!-- Generated by org.testng.reporters.JUnitReportReporter -->
<testsuite hostname="DESKTOP-KNHDASJ" failures="0" tests="1" name="com.extent.demo.ExtentReportTestNGDemo" time="25.247" errors="0" timestamp="2021-10-29T10:15:31 IST" skipped="0">
  <testcase classname="com.extent.demo.ExtentReportTestNGDemo" name="demoTest" time="25.247"/>
  <system-out/>
</testsuite> <!-- com.extent.demo.ExtentReportTestNGDemo -->
