<?xml version="1.0" encoding="UTF-8"?>
<!-- Generated by org.testng.reporters.JUnitReportReporter -->
<testsuite hostname="DESKTOP-KNHDASJ" failures="0" tests="1" name="com.restassured.apis.Local_Test_Get" time="2.859" errors="0" timestamp="2022-01-04T13:25:32 IST" skipped="0">
  <testcase classname="com.restassured.apis.Local_Test_Get" name="test_get" time="2.859"/>
  <system-out/>
</testsuite> <!-- com.restassured.apis.Local_Test_Get -->
