<?xml version="1.0" encoding="UTF-8"?>
<!-- Generated by org.testng.reporters.JUnitReportReporter -->
<testsuite skipped="0" hostname="DESKTOP-KNHDASJ" name="excelData.ReadExcelTest" tests="3" failures="0" timestamp="2022-01-15T13:44:15 IST" time="84.039" errors="0">
  <testcase name="test1" time="83.994" classname="excelData.ReadExcelTest"/>
  <system-out/>
  <testcase name="tes2" time="0.043" classname="excelData.ReadExcelTest"/>
  <system-out/>
  <testcase name="test3" time="0.002" classname="excelData.ReadExcelTest"/>
  <system-out/>
</testsuite> <!-- excelData.ReadExcelTest -->
