<?xml version="1.0" encoding="UTF-8"?>
<!-- Generated by org.testng.reporters.JUnitReportReporter -->
<testsuite hostname="DESKTOP-KNHDASJ" failures="0" tests="1" name="com.restassured.apiassnmnt.StackExchangeApiNegativeTest" time="98.492" errors="0" timestamp="2022-01-06T18:41:40 IST" skipped="0">
  <testcase classname="com.restassured.apiassnmnt.StackExchangeApiNegativeTest" name="verifyResponseForInvalidCharacterInBadgeId" time="98.492"/>
  <system-out/>
</testsuite> <!-- com.restassured.apiassnmnt.StackExchangeApiNegativeTest -->
