<?xml version="1.0" encoding="UTF-8"?>
<!-- Generated by org.testng.reporters.JUnitReportReporter -->
<testsuite hostname="DESKTOP-KNHDASJ" failures="0" tests="1" name="com.alertsactions.base.KeyBoardActions" time="0.904" errors="0" timestamp="2021-10-28T12:28:13 IST" skipped="0">
  <testcase classname="com.alertsactions.base.KeyBoardActions" name="copyPasteByKeyboard" time="0.904"/>
  <system-out/>
</testsuite> <!-- com.alertsactions.base.KeyBoardActions -->
