<?xml version="1.0" encoding="UTF-8"?>
<!-- Generated by org.testng.reporters.JUnitReportReporter -->
<testsuite hostname="DESKTOP-KNHDASJ" failures="0" tests="1" name="com.restassured.apis.Test_POST" time="3.609" errors="0" timestamp="2022-01-05T11:50:25 IST" skipped="0">
  <testcase classname="com.restassured.apis.Test_POST" name="test_1_register" time="3.609"/>
  <system-out/>
</testsuite> <!-- com.restassured.apis.Test_POST -->
