<?xml version="1.0" encoding="UTF-8"?>
<!-- Generated by org.testng.reporters.JUnitReportReporter -->
<testsuite hostname="DESKTOP-KNHDASJ" failures="0" tests="2" name="com.alertsactions.base.FrameHandeling" time="5.125" errors="0" timestamp="2021-10-28T15:25:28 IST" skipped="1">
  <testcase classname="com.alertsactions.base.FrameHandeling" name="frameDemonstrationWebElement" time="5.125"/>
  <system-out/>
  <testcase classname="com.alertsactions.base.FrameHandeling" name="frameDemonstration">
    <skipped/>
  </testcase> <!-- frameDemonstration -->
  <system-out/>
</testsuite> <!-- com.alertsactions.base.FrameHandeling -->
