<?xml version="1.0" encoding="UTF-8"?>
<!-- Generated by org.testng.reporters.JUnitReportReporter -->
<testsuite skipped="0" hostname="DESKTOP-KNHDASJ" name="com.pom.test.ExcelDataProviderTest" tests="2" failures="0" timestamp="2022-01-15T13:45:30 IST" time="4.601" errors="0">
  <testcase name="invalidLogin" time="1.915" classname="com.pom.test.ExcelDataProviderTest"/>
  <system-out/>
  <testcase name="invalidLogin" time="2.686" classname="com.pom.test.ExcelDataProviderTest"/>
  <system-out/>
</testsuite> <!-- com.pom.test.ExcelDataProviderTest -->
