<?xml version="1.0" encoding="UTF-8"?>
<!-- Generated by org.testng.reporters.JUnitReportReporter -->
<testsuite hostname="DESKTOP-KNHDASJ" failures="0" tests="4" name="com.alert.test.AlertTest" time="20.931" errors="0" timestamp="2021-10-27T14:59:14 IST" skipped="0">
  <testcase classname="com.alert.test.AlertTest" name="simpleAlert" time="5.156"/>
  <system-out/>
  <testcase classname="com.alert.test.AlertTest" name="timerAlert" time="5.362"/>
  <system-out/>
  <testcase classname="com.alert.test.AlertTest" name="confirmAlert" time="0.194"/>
  <system-out/>
  <testcase classname="com.alert.test.AlertTest" name="promptAlert" time="10.219"/>
  <system-out/>
</testsuite> <!-- com.alert.test.AlertTest -->
