<?xml version="1.0" encoding="UTF-8"?>
<!-- Generated by org.testng.reporters.JUnitReportReporter -->
<testsuite hostname="DESKTOP-KNHDASJ" failures="0" tests="1" name="com.restassured.apis.Test_PUT" time="3.550" errors="0" timestamp="2022-01-04T10:42:04 IST" skipped="0">
  <testcase classname="com.restassured.apis.Test_PUT" name="test_delete" time="3.550"/>
  <system-out/>
</testsuite> <!-- com.restassured.apis.Test_PUT -->
