<?xml version="1.0" encoding="UTF-8"?>
<!-- Generated by org.testng.reporters.JUnitReportReporter -->
<testsuite hostname="DESKTOP-KNHDASJ" failures="0" tests="1" name="com.restassured.apis.Tests_get" time="4.519" errors="0" timestamp="2022-01-03T16:12:57 IST" skipped="0">
  <testcase classname="com.restassured.apis.Tests_get" name="test_1" time="4.519"/>
  <system-out/>
</testsuite> <!-- com.restassured.apis.Tests_get -->
