<?xml version="1.0" encoding="UTF-8"?>
<!-- Generated by org.testng.reporters.JUnitReportReporter -->
<testsuite hostname="DESKTOP-KNHDASJ" failures="0" tests="1" name="com.restassured.apiassnmnt.StackExchangeSchemaValidationTest" time="6.282" errors="0" timestamp="2022-01-12T14:02:22 IST" skipped="0">
  <testcase classname="com.restassured.apiassnmnt.StackExchangeSchemaValidationTest" name="partOfJsonObject" time="6.282"/>
  <system-out/>
</testsuite> <!-- com.restassured.apiassnmnt.StackExchangeSchemaValidationTest -->
