<?xml version="1.0" encoding="UTF-8"?>
<!-- Generated by org.testng.reporters.JUnitReportReporter -->
<testsuite hostname="DESKTOP-KNHDASJ" failures="0" tests="2" name="com.pom.test.ExcelDataProvider" time="2.467" errors="0" timestamp="2021-10-26T17:08:37 IST" skipped="0">
  <testcase classname="com.pom.test.ExcelDataProvider" name="invalidLogin" time="1.486"/>
  <system-out/>
  <testcase classname="com.pom.test.ExcelDataProvider" name="invalidLogin" time="0.981"/>
  <system-out/>
</testsuite> <!-- com.pom.test.ExcelDataProvider -->
