<?xml version="1.0" encoding="UTF-8"?>
<!-- Generated by org.testng.reporters.JUnitReportReporter -->
<testsuite hostname="DESKTOP-KNHDASJ" failures="0" tests="1" name="com.practice.codes.AssertTest" time="0.013" errors="0" timestamp="2021-11-22T15:58:48 IST" skipped="0">
  <testcase classname="com.practice.codes.AssertTest" name="test" time="0.013"/>
  <system-out/>
</testsuite> <!-- com.practice.codes.AssertTest -->
