<?xml version="1.0" encoding="UTF-8"?>
<!-- Generated by org.testng.reporters.JUnitReportReporter -->
<testsuite hostname="DESKTOP-KNHDASJ" failures="0" tests="3" name="com.crossbrowser.classlevel.ClassLevelParallel1" time="39.935" errors="0" timestamp="2021-11-01T13:31:38 IST" skipped="0">
  <testcase classname="com.crossbrowser.classlevel.ClassLevelParallel1" name="logOut" time="4.443"/>
  <system-out/>
  <testcase classname="com.crossbrowser.classlevel.ClassLevelParallel1" name="invalidLogin" time="24.390"/>
  <system-out/>
  <testcase classname="com.crossbrowser.classlevel.ClassLevelParallel1" name="logIn" time="11.102"/>
  <system-out/>
</testsuite> <!-- com.crossbrowser.classlevel.ClassLevelParallel1 -->
